<?xml version="1.0" encoding="UTF-8"?>
<!-- Generated by org.testng.reporters.JUnitReportReporter -->
<testsuite hostname="DESKTOP-PBPVDUN" failures="0" tests="6" name="api.test.DDTests" time="14.738" errors="0" timestamp="2024-08-16T17:16:25 IST" skipped="0">
  <testcase classname="api.test.DDTests" name="testPostUser" time="5.597"/>
  <testcase classname="api.test.DDTests" name="testPostUser" time="1.992"/>
  <testcase classname="api.test.DDTests" name="testPostUser" time="1.529"/>
  <testcase classname="api.test.DDTests" name="testDeleteUserByName" time="1.937"/>
  <testcase classname="api.test.DDTests" name="testDeleteUserByName" time="1.637"/>
  <testcase classname="api.test.DDTests" name="testDeleteUserByName" time="2.046"/>
</testsuite> <!-- api.test.DDTests -->
