<?xml version="1.0" encoding="UTF-8"?>
<!-- Generated by org.testng.reporters.JUnitReportReporter -->
<testsuite hostname="DESKTOP-PBPVDUN" failures="0" tests="4" name="api.test.UserTests" time="34.167" errors="0" timestamp="2024-08-17T14:49:10 IST" skipped="0">
  <testcase classname="api.test.UserTests" name="testPostUser" time="6.753"/>
  <testcase classname="api.test.UserTests" name="testGetUserByName" time="22.959"/>
  <testcase classname="api.test.UserTests" name="testUpdateUserByName" time="3.033"/>
  <testcase classname="api.test.UserTests" name="testDeleteUserByName" time="1.422"/>
</testsuite> <!-- api.test.UserTests -->
