<?xml version="1.0" encoding="UTF-8"?>
<!-- Generated by org.testng.reporters.JUnitReportReporter -->
<testsuite hostname="DESKTOP-PBPVDUN" failures="0" tests="4" name="api.test.UserTests" time="13.089" errors="0" timestamp="2024-08-17T15:50:01 IST" skipped="0">
  <testcase classname="api.test.UserTests" name="testPostUser" time="6.594"/>
  <testcase classname="api.test.UserTests" name="testGetUserByName" time="1.603"/>
  <testcase classname="api.test.UserTests" name="testUpdateUserByName" time="3.295"/>
  <testcase classname="api.test.UserTests" name="testDeleteUserByName" time="1.597"/>
</testsuite> <!-- api.test.UserTests -->
